Added Component: Designator=C1(6-0805_M)
Added Component: Designator=C2(6-0805_M)
Added Component: Designator=C3(6-0805_M)
Added Component: Designator=J1(HDR1X6)
Added Component: Designator=J2(HDR1X4)
Added Component: Designator=R1(6-0805_M)
Added Component: Designator=U1(TI-PW16_L)
Added Pin To Net: NetName=NetC1_1 Pin=C1-1
Added Pin To Net: NetName=NetC1_2 Pin=C1-2
Added Pin To Net: NetName=GND Pin=C2-1
Added Pin To Net: NetName=NetC2_2 Pin=C2-2
Added Pin To Net: NetName=GND Pin=C3-1
Added Pin To Net: NetName=NetC1_2 Pin=C3-2
Added Pin To Net: NetName=NetJ1_1 Pin=J1-1
Added Pin To Net: NetName=NetJ1_2 Pin=J1-2
Added Pin To Net: NetName=NetJ1_3 Pin=J1-3
Added Pin To Net: NetName=NetJ1_4 Pin=J1-4
Added Pin To Net: NetName=NetJ1_5 Pin=J1-5
Added Pin To Net: NetName=NetJ2_1 Pin=J2-1
Added Pin To Net: NetName=NetJ2_2 Pin=J2-2
Added Pin To Net: NetName=NetJ2_3 Pin=J2-3
Added Pin To Net: NetName=NetJ2_4 Pin=J2-4
Added Pin To Net: NetName=GND Pin=R1-1
Added Pin To Net: NetName=NetR1_2 Pin=R1-2
Added Pin To Net: NetName=NetJ1_5 Pin=U1-1
Added Pin To Net: NetName=NetJ2_1 Pin=U1-2
Added Pin To Net: NetName=NetR1_2 Pin=U1-3
Added Pin To Net: NetName=NetJ2_2 Pin=U1-4
Added Pin To Net: NetName=NetJ2_4 Pin=U1-5
Added Pin To Net: NetName=NetR1_2 Pin=U1-6
Added Pin To Net: NetName=NetJ2_3 Pin=U1-7
Added Pin To Net: NetName=NetJ1_3 Pin=U1-9
Added Pin To Net: NetName=NetJ1_4 Pin=U1-10
Added Pin To Net: NetName=NetC1_1 Pin=U1-11
Added Pin To Net: NetName=NetC1_2 Pin=U1-12
Added Pin To Net: NetName=GND Pin=U1-13
Added Pin To Net: NetName=NetC2_2 Pin=U1-14
Added Pin To Net: NetName=NetJ1_2 Pin=U1-15
Added Pin To Net: NetName=NetJ1_1 Pin=U1-16
Added Pin To Net: NetName=NetJ1_6 Pin=J1-6
Added Pin To Net: NetName=NetJ1_6 Pin=U1-8
Added Net: Name=NetJ1_6
Added Member To Class: ClassName=Motor_Driver Member=Component C1 cap
Added Member To Class: ClassName=Motor_Driver Member=Component C2 cap
Added Member To Class: ClassName=Motor_Driver Member=Component C3 Electrolytic
Added Member To Class: ClassName=Motor_Driver Member=Component J1 Header 6
Added Member To Class: ClassName=Motor_Driver Member=Component J2 Header 4
Added Member To Class: ClassName=Motor_Driver Member=Component R1 Res1
Added Member To Class: ClassName=Motor_Driver Member=Component U1 DRV8833PWR
Added Room: Name=Motor_Driver
