Removed Pin From Net: NetName=CONTROL Pin=J3-1
Removed Pin From Net: NetName=AOUT1 Pin=J3-2
Removed Pin From Net: NetName=AOUT2 Pin=J3-3
Removed Pin From Net: NetName=BOUT2 Pin=J3-4
Removed Pin From Net: NetName=GND Pin=J3-5
Removed Pin From Net: NetName=BOUT1 Pin=J3-6
Removed Pin From Net: NetName=FAULT Pin=J3-7
Removed Pin From Net: NetName=GND Pin=J3-8
Change Component DesignItemId : Designator=J3 Old DesignItemId=Header 8 New DesignItemId=Header 2
Change Component Footprint: Designator=J3 Old Footprint=HDR1X8 New Footprint=HDR1X2
Change Component Comment : Designator=J3 Old Comment=Header 8 New Comment=Header 2
Added Component: Designator=C3(capacitor_3d)
Added Component: Designator=J4(HDR1X2)
Added Component: Designator=J5(HDR1X2)
Added Component: Designator=J6(HDR1X2)
Added Pin To Net: NetName=GND Pin=C3-2
Added Pin To Net: NetName=GND Pin=J3-2
Added Pin To Net: NetName=AOUT1 Pin=J4-1
Added Pin To Net: NetName=AOUT2 Pin=J4-2
Added Pin To Net: NetName=BOUT1 Pin=J5-1
Added Pin To Net: NetName=BOUT2 Pin=J5-2
Added Pin To Net: NetName=FAULT Pin=J6-1
Added Pin To Net: NetName=CONTROL Pin=J6-2
Change Net Name : Old Net Name=NetC2_2 New Net Name=VINT
Added Pin To Net: NetName=BATTERY Pin=C1-2
Added Pin To Net: NetName=BATTERY Pin=C3-1
Added Pin To Net: NetName=BATTERY Pin=J3-1
Added Pin To Net: NetName=BATTERY Pin=U1-12
Added Net: Name=BATTERY
Added Member To Class: ClassName=Motor_Driver Member=Component C3 Cap Electrolytic
Added Member To Class: ClassName=Motor_Driver Member=Component J4 Header 2
Added Member To Class: ClassName=Motor_Driver Member=Component J5 Header 2
Added Member To Class: ClassName=Motor_Driver Member=Component J6 Header 2
Added Room: Name=Motor_Driver
