Change Component Designator: Old Designator=C1 New Designator=C5
Change Component Designator: Old Designator=C2 New Designator=C6
Change Component Designator: Old Designator=C3 New Designator=C4
Change Component Designator: Old Designator=J1 New Designator=J7
Change Component Designator: Old Designator=J2 New Designator=J3
Change Component Designator: Old Designator=J2 New Designator=J8
Change Component Designator: Old Designator=J3 New Designator=J5
Change Component Designator: Old Designator=J3 New Designator=J9
Change Component Designator: Old Designator=J4 New Designator=J2
Change Component Designator: Old Designator=J4 New Designator=J10
Change Component Designator: Old Designator=J5 New Designator=J4
Change Component Designator: Old Designator=J5 New Designator=J11
Change Component Designator: Old Designator=R1 New Designator=R8
Change Component Designator: Old Designator=R1A New Designator=R2
Change Component Designator: Old Designator=R1B New Designator=R3
Change Component Designator: Old Designator=R2 New Designator=R4
Change Component Designator: Old Designator=R2A New Designator=R5
Change Component Designator: Old Designator=R2A New Designator=R9
Change Component Designator: Old Designator=R2B New Designator=R6
Change Component Designator: Old Designator=R2B New Designator=R10
Change Component Designator: Old Designator=R3 New Designator=R7
Change Component Designator: Old Designator=U1 New Designator=U2
