Remove Pin=J7-1 From Net=START
Remove Pin=J7-2 From Net=VBATTERY
Remove Pin=J8-1 From Net=VOUT
Remove Pin=J9-1 From Net=VOUT
Remove Pin=J10-1 From Net=VOUT
Remove Pin=J11-1 From Net=VOUT
Remove Pin=J12-1 From Net=AIN1
Remove Pin=J12-2 From Net=AIN2
Remove Pin=J13-1 From Net=AOUT1
Remove Pin=J13-2 From Net=AOUT2
Remove Pin=J14-1 From Net=BIN1
Remove Pin=J14-2 From Net=BIN2
Remove Pin=J15-1 From Net=BOUT1
Remove Pin=J15-2 From Net=BOUT2
Remove Pin=J17-1 From Net=FAULT
Remove Pin=J17-2 From Net=CONTROL
Remove Pin=U3-1 From Net=CONTROL
Remove Pin=U3-2 From Net=AOUT1
Remove Pin=U3-4 From Net=AOUT2
Remove Pin=U3-5 From Net=BOUT2
Remove Pin=U3-7 From Net=BOUT1
Remove Pin=U3-8 From Net=FAULT
Remove Pin=U3-9 From Net=BIN1
Remove Pin=U3-10 From Net=BIN2
Remove Pin=U3-15 From Net=AIN2
Remove Pin=U3-16 From Net=AIN1
