Added Component: Designator=C1(6-0805_M)
Added Component: Designator=C2(6-0805_M)
Added Component: Designator=C3(capacitor_3d)
Added Component: Designator=C4(6-0805_M)
Added Component: Designator=C5(RAD-0.3)
Added Component: Designator=C6(C1206)
Added Component: Designator=C7(6-0805_M)
Added Component: Designator=C8(6-0805_M)
Added Component: Designator=C9(capacitor_3d)
Added Component: Designator=J1(HDR1X2)
Added Component: Designator=J2(HDR1X2)
Added Component: Designator=J3(HDR1X2)
Added Component: Designator=J4(HDR1X2)
Added Component: Designator=J5(HDR1X2)
Added Component: Designator=J6(HDR1X2)
Added Component: Designator=J7(HDR1X3)
Added Component: Designator=J8(HDR1X2)
Added Component: Designator=J9(HDR1X2)
Added Component: Designator=J10(HDR1X2)
Added Component: Designator=J11(HDR1X2)
Added Component: Designator=J12(HDR1X2)
Added Component: Designator=J13(HDR1X2)
Added Component: Designator=J14(HDR1X2)
Added Component: Designator=J15(HDR1X2)
Added Component: Designator=J16(HDR1X2)
Added Component: Designator=J17(HDR1X2)
Added Component: Designator=R1(6-0805_M)
Added Component: Designator=R2(6-0805_M)
Added Component: Designator=R3(6-0805_M)
Added Component: Designator=R4(6-0805_M)
Added Component: Designator=R5(6-0805_M)
Added Component: Designator=R6(6-0805_M)
Added Component: Designator=R7(6-0805_M)
Added Component: Designator=R8(6-0805_M)
Added Component: Designator=R9(6-0805_M)
Added Component: Designator=R10(6-0805_M)
Added Component: Designator=R11(6-0805_M)
Added Component: Designator=R12(6-0805_M)
Added Component: Designator=R13(6-0805_M)
Added Component: Designator=R14(6-0805_M)
Added Component: Designator=R15(6-0805_M)
Added Component: Designator=R16(6-0805_M)
Added Component: Designator=U1(TI-PW16_M)
Added Component: Designator=U2(SO8_M)
Added Component: Designator=U3(TI-PW16_M)
Added Pin To Net: NetName=NetC1_1 Pin=C1-1
Added Pin To Net: NetName=BATTERY Pin=C1-2
Added Pin To Net: NetName=GND Pin=C2-1
Added Pin To Net: NetName=VINT Pin=C2-2
Added Pin To Net: NetName=BATTERY Pin=C3-1
Added Pin To Net: NetName=GND Pin=C3-2
Added Pin To Net: NetName=NetC4_1 Pin=C4-1
Added Pin To Net: NetName=VOUT Pin=C4-2
Added Pin To Net: NetName=VBATTERY Pin=C5-1
Added Pin To Net: NetName=GND Pin=C5-2
Added Pin To Net: NetName=GND Pin=C6-1
Added Pin To Net: NetName=VOUT Pin=C6-2
Added Pin To Net: NetName=NetC7_1 Pin=C7-1
Added Pin To Net: NetName=BATTERY Pin=C7-2
Added Pin To Net: NetName=GND Pin=C8-1
Added Pin To Net: NetName=VINT Pin=C8-2
Added Pin To Net: NetName=BATTERY Pin=C9-1
Added Pin To Net: NetName=GND Pin=C9-2
Added Pin To Net: NetName=AIN1 Pin=J1-1
Added Pin To Net: NetName=AIN2 Pin=J1-2
Added Pin To Net: NetName=AOUT1 Pin=J2-1
Added Pin To Net: NetName=AOUT2 Pin=J2-2
Added Pin To Net: NetName=BIN1 Pin=J3-1
Added Pin To Net: NetName=BIN2 Pin=J3-2
Added Pin To Net: NetName=BOUT1 Pin=J4-1
Added Pin To Net: NetName=BOUT2 Pin=J4-2
Added Pin To Net: NetName=BATTERY Pin=J5-1
Added Pin To Net: NetName=GND Pin=J5-2
Added Pin To Net: NetName=FAULT Pin=J6-1
Added Pin To Net: NetName=CONTROL Pin=J6-2
Added Pin To Net: NetName=GND Pin=J7-3
Added Pin To Net: NetName=GND Pin=J8-2
Added Pin To Net: NetName=GND Pin=J9-2
Added Pin To Net: NetName=GND Pin=J10-2
Added Pin To Net: NetName=GND Pin=J11-2
Added Pin To Net: NetName=BATTERY Pin=J16-1
Added Pin To Net: NetName=GND Pin=J16-2
Added Pin To Net: NetName=GND Pin=R1-1
Added Pin To Net: NetName=SENSE1 Pin=R1-2
Added Pin To Net: NetName=GND Pin=R2-1
Added Pin To Net: NetName=SENSE1 Pin=R2-2
Added Pin To Net: NetName=GND Pin=R3-1
Added Pin To Net: NetName=SENSE1 Pin=R3-2
Added Pin To Net: NetName=GND Pin=R4-1
Added Pin To Net: NetName=SENSE2 Pin=R4-2
Added Pin To Net: NetName=GND Pin=R5-1
Added Pin To Net: NetName=SENSE2 Pin=R5-2
Added Pin To Net: NetName=GND Pin=R6-1
Added Pin To Net: NetName=SENSE2 Pin=R6-2
Added Pin To Net: NetName=NetR7_1 Pin=R7-1
Added Pin To Net: NetName=VOUT Pin=R7-2
Added Pin To Net: NetName=NetC4_1 Pin=R8-1
Added Pin To Net: NetName=VOUT Pin=R8-2
Added Pin To Net: NetName=NetR9_1 Pin=R9-1
Added Pin To Net: NetName=NetC4_1 Pin=R9-2
Added Pin To Net: NetName=GND Pin=R10-1
Added Pin To Net: NetName=NetR9_1 Pin=R10-2
Added Pin To Net: NetName=GND Pin=R11-1
Added Pin To Net: NetName=SENSE1 Pin=R11-2
Added Pin To Net: NetName=GND Pin=R12-1
Added Pin To Net: NetName=SENSE1 Pin=R12-2
Added Pin To Net: NetName=GND Pin=R13-1
Added Pin To Net: NetName=SENSE1 Pin=R13-2
Added Pin To Net: NetName=GND Pin=R14-1
Added Pin To Net: NetName=SENSE2 Pin=R14-2
Added Pin To Net: NetName=GND Pin=R15-1
Added Pin To Net: NetName=SENSE2 Pin=R15-2
Added Pin To Net: NetName=GND Pin=R16-1
Added Pin To Net: NetName=SENSE2 Pin=R16-2
Added Pin To Net: NetName=CONTROL Pin=U1-1
Added Pin To Net: NetName=AOUT1 Pin=U1-2
Added Pin To Net: NetName=SENSE1 Pin=U1-3
Added Pin To Net: NetName=AOUT2 Pin=U1-4
Added Pin To Net: NetName=BOUT2 Pin=U1-5
Added Pin To Net: NetName=SENSE2 Pin=U1-6
Added Pin To Net: NetName=BOUT1 Pin=U1-7
Added Pin To Net: NetName=FAULT Pin=U1-8
Added Pin To Net: NetName=BIN1 Pin=U1-9
Added Pin To Net: NetName=BIN2 Pin=U1-10
Added Pin To Net: NetName=NetC1_1 Pin=U1-11
Added Pin To Net: NetName=BATTERY Pin=U1-12
Added Pin To Net: NetName=GND Pin=U1-13
Added Pin To Net: NetName=VINT Pin=U1-14
Added Pin To Net: NetName=AIN2 Pin=U1-15
Added Pin To Net: NetName=AIN1 Pin=U1-16
Added Pin To Net: NetName=VBATTERY Pin=U2-1
Added Pin To Net: NetName=VBATTERY Pin=U2-2
Added Pin To Net: NetName=NetC4_1 Pin=U2-3
Added Pin To Net: NetName=VOUT Pin=U2-4
Added Pin To Net: NetName=NetR7_1 Pin=U2-5
Added Pin To Net: NetName=GND Pin=U2-6
Added Pin To Net: NetName=GND Pin=U2-7
Added Pin To Net: NetName=GND Pin=U2-8
Added Pin To Net: NetName=SENSE1 Pin=U3-3
Added Pin To Net: NetName=SENSE2 Pin=U3-6
Added Pin To Net: NetName=NetC7_1 Pin=U3-11
Added Pin To Net: NetName=BATTERY Pin=U3-12
Added Pin To Net: NetName=GND Pin=U3-13
Added Pin To Net: NetName=VINT Pin=U3-14
Added Member To Class: ClassName=Motor_Driver_r1.1 Member=Component C1 cap
Added Member To Class: ClassName=Motor_Driver_r1.1 Member=Component C2 cap
Added Member To Class: ClassName=Motor_Driver_r1.1 Member=Component C3 Cap Electrolytic
Added Member To Class: ClassName=Motor_Driver_r1.1 Member=Component C4 10%
Added Member To Class: ClassName=Motor_Driver_r1.1 Member=Component C5 Electrolytic
Added Member To Class: ClassName=Motor_Driver_r1.1 Member=Component C6 20% low ESR
Added Member To Class: ClassName=Motor_Driver Member=Component C7 cap
Added Member To Class: ClassName=Motor_Driver Member=Component C8 cap
Added Member To Class: ClassName=Motor_Driver Member=Component C9 Cap Electrolytic
Added Member To Class: ClassName=Motor_Driver_r1.1 Member=Component J1 Header 2
Added Member To Class: ClassName=Motor_Driver_r1.1 Member=Component J2 Header 2
Added Member To Class: ClassName=Motor_Driver_r1.1 Member=Component J3 Header 2
Added Member To Class: ClassName=Motor_Driver_r1.1 Member=Component J4 Header 2
Added Member To Class: ClassName=Motor_Driver_r1.1 Member=Component J5 Header 2
Added Member To Class: ClassName=Motor_Driver_r1.1 Member=Component J6 Header 2
Added Member To Class: ClassName=Motor_Driver_r1.1 Member=Component J7 Header 3
Added Member To Class: ClassName=Motor_Driver_r1.1 Member=Component J8 Header 2
Added Member To Class: ClassName=Motor_Driver_r1.1 Member=Component J9 Header 2
Added Member To Class: ClassName=Motor_Driver_r1.1 Member=Component J10 Header 2
Added Member To Class: ClassName=Motor_Driver_r1.1 Member=Component J11 Header 2
Added Member To Class: ClassName=Motor_Driver Member=Component J12 Header 2
Added Member To Class: ClassName=Motor_Driver Member=Component J13 Header 2
Added Member To Class: ClassName=Motor_Driver Member=Component J14 Header 2
Added Member To Class: ClassName=Motor_Driver Member=Component J15 Header 2
Added Member To Class: ClassName=Motor_Driver Member=Component J16 Header 2
Added Member To Class: ClassName=Motor_Driver Member=Component J17 Header 2
Added Member To Class: ClassName=Motor_Driver_r1.1 Member=Component R1 Res1
Added Member To Class: ClassName=Motor_Driver_r1.1 Member=Component R2 Res1
Added Member To Class: ClassName=Motor_Driver_r1.1 Member=Component R3 Res1
Added Member To Class: ClassName=Motor_Driver_r1.1 Member=Component R4 Res1
Added Member To Class: ClassName=Motor_Driver_r1.1 Member=Component R5 Res1
Added Member To Class: ClassName=Motor_Driver_r1.1 Member=Component R6 Res1
Added Member To Class: ClassName=Motor_Driver_r1.1 Member=Component R7 1%
Added Member To Class: ClassName=Motor_Driver_r1.1 Member=Component R8 1%
Added Member To Class: ClassName=Motor_Driver_r1.1 Member=Component R9 1%
Added Member To Class: ClassName=Motor_Driver_r1.1 Member=Component R10 1%
Added Member To Class: ClassName=Motor_Driver Member=Component R11 Res1
Added Member To Class: ClassName=Motor_Driver Member=Component R12 Res1
Added Member To Class: ClassName=Motor_Driver Member=Component R13 Res1
Added Member To Class: ClassName=Motor_Driver Member=Component R14 Res1
Added Member To Class: ClassName=Motor_Driver Member=Component R15 Res1
Added Member To Class: ClassName=Motor_Driver Member=Component R16 Res1
Added Member To Class: ClassName=Motor_Driver_r1.1 Member=Component U1 DRV8833PWR
Added Member To Class: ClassName=Motor_Driver_r1.1 Member=Component U2 L6933H1.2
Added Member To Class: ClassName=Motor_Driver Member=Component U3 DRV8833PWR
Added Room: Name=Motor_Driver
Added Room: Name=Motor_Driver_r1.1
