Added Component: Designator=C1(6-0805_M)
Added Component: Designator=C2(6-0805_M)
Added Component: Designator=C3(6-0805_M)
Added Component: Designator=C4(6-0805_M)
Added Component: Designator=C5(6-0805_M)
Added Component: Designator=C6(6-0805_M)
Added Component: Designator=C7(6-0805_M)
Added Component: Designator=C8(6-0805_M)
Added Component: Designator=D1(3.2X1.6X1.1)
Added Component: Designator=D2(3.2X1.6X1.1)
Added Component: Designator=D3(3.2X1.6X1.1)
Added Component: Designator=D4(3.2X1.6X1.1)
Added Component: Designator=D5(3.2X1.6X1.1)
Added Component: Designator=D6(3.2X1.6X1.1)
Added Component: Designator=D7(3.2X1.6X1.1)
Added Component: Designator=D8(3.2X1.6X1.1)
Added Component: Designator=R1(6-0805_M)
Added Component: Designator=R2(6-0805_M)
Added Component: Designator=R3(6-0805_M)
Added Component: Designator=R4(6-0805_M)
Added Component: Designator=R5(6-0805_M)
Added Component: Designator=R6(6-0805_M)
Added Component: Designator=R7(6-0805_M)
Added Component: Designator=R8(6-0805_M)
Added Component: Designator=R9(6-0805_M)
Added Component: Designator=R10(6-0805_M)
Added Component: Designator=R11(6-0805_M)
Added Component: Designator=R12(6-0805_M)
Added Component: Designator=U1(SOT-23-OT5_N)
Added Component: Designator=U2(SOT-23-OT5_N)
Added Component: Designator=U3(SOT-23-OT5_N)
Added Component: Designator=U4(SOT-23-OT5_N)
Added Pin To Net: NetName=GND Pin=C1-1
Added Pin To Net: NetName=5VUSB Pin=C1-2
Added Pin To Net: NetName=GND Pin=C2-1
Added Pin To Net: NetName=POWER1 Pin=C2-2
Added Pin To Net: NetName=GND Pin=C3-1
Added Pin To Net: NetName=5VUSB Pin=C3-2
Added Pin To Net: NetName=GND Pin=C4-1
Added Pin To Net: NetName=POWER2 Pin=C4-2
Added Pin To Net: NetName=GND Pin=C5-1
Added Pin To Net: NetName=5VUSB Pin=C5-2
Added Pin To Net: NetName=GND Pin=C6-1
Added Pin To Net: NetName=POWER3 Pin=C6-2
Added Pin To Net: NetName=GND Pin=C7-1
Added Pin To Net: NetName=5VUSB Pin=C7-2
Added Pin To Net: NetName=GND Pin=C8-1
Added Pin To Net: NetName=POWER4 Pin=C8-2
Added Pin To Net: NetName=NetD1_1 Pin=D1-1
Added Pin To Net: NetName=NetD1_2 Pin=D1-2
Added Pin To Net: NetName=NetD1_2 Pin=D2-1
Added Pin To Net: NetName=NetD2_2 Pin=D2-2
Added Pin To Net: NetName=NetD3_1 Pin=D3-1
Added Pin To Net: NetName=NetD3_2 Pin=D3-2
Added Pin To Net: NetName=NetD3_2 Pin=D4-1
Added Pin To Net: NetName=NetD4_2 Pin=D4-2
Added Pin To Net: NetName=NetD5_1 Pin=D5-1
Added Pin To Net: NetName=NetD5_2 Pin=D5-2
Added Pin To Net: NetName=NetD5_2 Pin=D6-1
Added Pin To Net: NetName=NetD6_2 Pin=D6-2
Added Pin To Net: NetName=NetD7_1 Pin=D7-1
Added Pin To Net: NetName=NetD7_2 Pin=D7-2
Added Pin To Net: NetName=NetD7_2 Pin=D8-1
Added Pin To Net: NetName=NetD8_2 Pin=D8-2
Added Pin To Net: NetName=5VUSB Pin=R1-1
Added Pin To Net: NetName=NetD1_1 Pin=R1-2
Added Pin To Net: NetName=GND Pin=R2-1
Added Pin To Net: NetName=NetD2_2 Pin=R2-2
Added Pin To Net: NetName=GND Pin=R3-1
Added Pin To Net: NetName=NetR3_2 Pin=R3-2
Added Pin To Net: NetName=5VUSB Pin=R4-1
Added Pin To Net: NetName=NetD3_1 Pin=R4-2
Added Pin To Net: NetName=GND Pin=R5-1
Added Pin To Net: NetName=NetD4_2 Pin=R5-2
Added Pin To Net: NetName=GND Pin=R6-1
Added Pin To Net: NetName=NetR6_2 Pin=R6-2
Added Pin To Net: NetName=5VUSB Pin=R7-1
Added Pin To Net: NetName=NetD5_1 Pin=R7-2
Added Pin To Net: NetName=GND Pin=R8-1
Added Pin To Net: NetName=NetD6_2 Pin=R8-2
Added Pin To Net: NetName=GND Pin=R9-1
Added Pin To Net: NetName=NetR9_2 Pin=R9-2
Added Pin To Net: NetName=5VUSB Pin=R10-1
Added Pin To Net: NetName=NetD7_1 Pin=R10-2
Added Pin To Net: NetName=GND Pin=R11-1
Added Pin To Net: NetName=NetD8_2 Pin=R11-2
Added Pin To Net: NetName=GND Pin=R12-1
Added Pin To Net: NetName=NetR12_2 Pin=R12-2
Added Pin To Net: NetName=NetD1_2 Pin=U1-1
Added Pin To Net: NetName=GND Pin=U1-2
Added Pin To Net: NetName=POWER1 Pin=U1-3
Added Pin To Net: NetName=5VUSB Pin=U1-4
Added Pin To Net: NetName=NetR3_2 Pin=U1-5
Added Pin To Net: NetName=NetD3_2 Pin=U2-1
Added Pin To Net: NetName=GND Pin=U2-2
Added Pin To Net: NetName=POWER2 Pin=U2-3
Added Pin To Net: NetName=5VUSB Pin=U2-4
Added Pin To Net: NetName=NetR6_2 Pin=U2-5
Added Pin To Net: NetName=NetD5_2 Pin=U3-1
Added Pin To Net: NetName=GND Pin=U3-2
Added Pin To Net: NetName=POWER3 Pin=U3-3
Added Pin To Net: NetName=5VUSB Pin=U3-4
Added Pin To Net: NetName=NetR9_2 Pin=U3-5
Added Pin To Net: NetName=NetD7_2 Pin=U4-1
Added Pin To Net: NetName=GND Pin=U4-2
Added Pin To Net: NetName=POWER4 Pin=U4-3
Added Pin To Net: NetName=5VUSB Pin=U4-4
Added Pin To Net: NetName=NetR12_2 Pin=U4-5
Added Member To Class: ClassName=LiPo_charger Member=Component C1 10%
Added Member To Class: ClassName=LiPo_charger Member=Component C2 10%
Added Member To Class: ClassName=LiPo_charger Member=Component C3 10%
Added Member To Class: ClassName=LiPo_charger Member=Component C4 10%
Added Member To Class: ClassName=LiPo_charger Member=Component C5 10%
Added Member To Class: ClassName=LiPo_charger Member=Component C6 10%
Added Member To Class: ClassName=LiPo_charger Member=Component C7 10%
Added Member To Class: ClassName=LiPo_charger Member=Component C8 10%
Added Member To Class: ClassName=LiPo_charger Member=Component D1 LED2
Added Member To Class: ClassName=LiPo_charger Member=Component D2 LED2
Added Member To Class: ClassName=LiPo_charger Member=Component D3 LED2
Added Member To Class: ClassName=LiPo_charger Member=Component D4 LED2
Added Member To Class: ClassName=LiPo_charger Member=Component D5 LED2
Added Member To Class: ClassName=LiPo_charger Member=Component D6 LED2
Added Member To Class: ClassName=LiPo_charger Member=Component D7 LED2
Added Member To Class: ClassName=LiPo_charger Member=Component D8 LED2
Added Member To Class: ClassName=LiPo_charger Member=Component R1 1%
Added Member To Class: ClassName=LiPo_charger Member=Component R2 1%
Added Member To Class: ClassName=LiPo_charger Member=Component R3 1%
Added Member To Class: ClassName=LiPo_charger Member=Component R4 1%
Added Member To Class: ClassName=LiPo_charger Member=Component R5 1%
Added Member To Class: ClassName=LiPo_charger Member=Component R6 1%
Added Member To Class: ClassName=LiPo_charger Member=Component R7 1%
Added Member To Class: ClassName=LiPo_charger Member=Component R8 1%
Added Member To Class: ClassName=LiPo_charger Member=Component R9 1%
Added Member To Class: ClassName=LiPo_charger Member=Component R10 1%
Added Member To Class: ClassName=LiPo_charger Member=Component R11 1%
Added Member To Class: ClassName=LiPo_charger Member=Component R12 1%
Added Member To Class: ClassName=LiPo_charger Member=Component U1 MCP73831T-2ACI/OT
Added Member To Class: ClassName=LiPo_charger Member=Component U2 MCP73831T-2ACI/OT
Added Member To Class: ClassName=LiPo_charger Member=Component U3 MCP73831T-2ACI/OT
Added Member To Class: ClassName=LiPo_charger Member=Component U4 MCP73831T-2ACI/OT
Added Room: Name=LiPo_charger
