Removed Parameter test: from Implementation SI Cap
Removed Parameter test: from Implementation SIM CAP
Removed Parameter test: from Part C1
Removed Parameter test: from Implementation SI Cap
Removed Parameter test: from Implementation SIM CAP
Removed Parameter test: from Part C2
Removed Parameter test: from Implementation SIM CAP
Removed Parameter test: from Implementation PCBLIB capacitor_3d
Removed Parameter test: from Implementation SI Cap Pol
Removed Parameter test: from Part C3
Removed Parameter test: from Implementation SI Cap
Removed Parameter test: from Implementation SIM CAP
Removed Parameter test: from Part C4
Removed Parameter test: from Implementation SIM CAP
Removed Parameter test: from Implementation PCBLIB capacitor_tantalum
Removed Parameter test: from Implementation SI Cap Pol
Removed Parameter test: from Part C5
Removed Parameter test: from Implementation PCBLIB 6-0805_M
Removed Parameter test: from Implementation PCBLIB 6-0805_M
Removed Parameter test: from Implementation PCBLIB 6-0805_M
Removed Parameter test: from Implementation SI Connector
Removed Parameter test: from Implementation PCBLIB HDR1X2
Removed Parameter test: from Part J1
Removed Parameter test: from Implementation SI Connector
Removed Parameter test: from Implementation PCBLIB HDR1X2
Removed Parameter test: from Part J2
Removed Parameter test: from Implementation SI Connector
Removed Parameter test: from Implementation PCBLIB HDR1X2
Removed Parameter test: from Part J3
Removed Parameter test: from Implementation SI Connector
Removed Parameter test: from Implementation PCBLIB HDR1X2
Removed Parameter test: from Part J4
Removed Parameter test: from Implementation SI Connector
Removed Parameter test: from Implementation PCBLIB HDR1X2
Removed Parameter test: from Part J5
Removed Parameter test: from Implementation SI Connector
Removed Parameter test: from Implementation PCBLIB HDR1X2
Removed Parameter test: from Part J6
Removed Parameter test: from Implementation SI Connector
Removed Parameter test: from Implementation PCBLIB HDR1X2
Removed Parameter test: from Part J7
Removed Parameter test: from Implementation SI Connector
Removed Parameter test: from Implementation PCBLIB HDR1X2
Removed Parameter test: from Part J8
Removed Parameter test: from Sheet 
Removed Parameter test: from Part R1
Removed Parameter test: from Implementation SI Res
Removed Parameter test: from Implementation SIM RESISTOR
Removed Parameter test: from Part R2
Removed Parameter test: from Implementation SI Res
Removed Parameter test: from Implementation SIM RESISTOR
Removed Parameter test: from Part R3
Removed Parameter test: from Implementation SI Res
Removed Parameter test: from Implementation SIM RESISTOR
Removed Parameter test: from Part R4
Removed Parameter test: from Implementation SI Res
Removed Parameter test: from Implementation SIM RESISTOR
Removed Parameter test: from Part R5
Removed Parameter test: from Implementation SI Res
Removed Parameter test: from Implementation SIM RESISTOR
Removed Parameter test: from Part R6
Removed Parameter test: from Implementation SI Res
Removed Parameter test: from Implementation SIM RESISTOR
Removed Parameter test: from Part R7
Removed Parameter test: from Implementation SI Res
Removed Parameter test: from Implementation SIM RESISTOR
Removed Parameter test: from Part R8
Removed Parameter test: from Implementation SI Res
Removed Parameter test: from Implementation SIM RESISTOR
Removed Parameter test: from Part R9
Removed Parameter test: from Implementation SI Res
Removed Parameter test: from Implementation SIM RESISTOR
Removed Parameter test: from Part R10
Removed Parameter test: from Implementation SI Res
Removed Parameter test: from Implementation SIM RESISTOR
Removed Parameter test: from Implementation PCBLIB 6-0805_M
Removed Parameter test: from Implementation PCBLIB 6-0805_M
Removed Parameter test: from Implementation PCBLIB 6-0805_M
Removed Parameter test: from Implementation PCBLIB 6-0805_M
Removed Parameter test: from Implementation PCBLIB 6-0805_M
Removed Parameter test: from Implementation PCBLIB 6-0805_M
Removed Parameter test: from Implementation PCBLIB 6-0805_M
Removed Parameter test: from Implementation PCBLIB 6-0805_M
Removed Parameter test: from Implementation PCBLIB 6-0805_M
Removed Parameter test: from Implementation PCBLIB 6-0805_M
Removed Parameter test: from Part U1
Removed Parameter test: from Implementation PCBLIB TI-PW16_L
Removed Parameter test: from Implementation PCBLIB TI-PW16_M
Removed Parameter test: from Implementation PCBLIB TI-PW16_N
Removed Parameter test: from Part U2
Removed Parameter test: from Implementation PCBLIB SO8_L
Removed Parameter test: from Implementation PCBLIB SO8_M
Removed Parameter test: from Implementation PCBLIB SO8_N
