Added Parameter Total= to Implementation SI Cap
Added Parameter Total= to Implementation SIM CAP
Added Parameter Total= to Part C1
Added Parameter Total= to Implementation SI Cap
Added Parameter Total= to Implementation SIM CAP
Added Parameter Total= to Part C2
Added Parameter Total= to Implementation SIM CAP
Added Parameter Total= to Implementation PCBLIB capacitor_3d
Added Parameter Total= to Implementation SI Cap Pol
Added Parameter Total= to Part C3
Added Parameter Total= to Implementation SI Cap
Added Parameter Total= to Implementation SIM CAP
Added Parameter Total= to Part C4
Added Parameter Total= to Implementation SIM CAP
Added Parameter Total= to Implementation PCBLIB capacitor_tantalum
Added Parameter Total= to Implementation SI Cap Pol
Added Parameter Total= to Part C5
Added Parameter Total= to Implementation PCBLIB 6-0805_M
Added Parameter Total= to Implementation PCBLIB 6-0805_M
Added Parameter Total= to Implementation PCBLIB 6-0805_M
Added Parameter Total= to Implementation SI Connector
Added Parameter Total= to Implementation PCBLIB HDR1X2
Added Parameter Total= to Part J1
Added Parameter Total= to Implementation SI Connector
Added Parameter Total= to Implementation PCBLIB HDR1X2
Added Parameter Total= to Part J2
Added Parameter Total= to Implementation SI Connector
Added Parameter Total= to Implementation PCBLIB HDR1X2
Added Parameter Total= to Part J3
Added Parameter Total= to Implementation SI Connector
Added Parameter Total= to Implementation PCBLIB HDR1X2
Added Parameter Total= to Part J4
Added Parameter Total= to Implementation SI Connector
Added Parameter Total= to Implementation PCBLIB HDR1X2
Added Parameter Total= to Part J5
Added Parameter Total= to Implementation SI Connector
Added Parameter Total= to Implementation PCBLIB HDR1X2
Added Parameter Total= to Part J6
Added Parameter Total= to Implementation SI Connector
Added Parameter Total= to Implementation PCBLIB HDR1X2
Added Parameter Total= to Part J7
Added Parameter Total= to Implementation SI Connector
Added Parameter Total= to Implementation PCBLIB HDR1X2
Added Parameter Total= to Part J8
Added Parameter Total= to Sheet 
Added Parameter Total= to Part R1
Added Parameter Total= to Implementation SI Res
Added Parameter Total= to Implementation SIM RESISTOR
Added Parameter Total= to Part R2
Added Parameter Total= to Implementation SI Res
Added Parameter Total= to Implementation SIM RESISTOR
Added Parameter Total= to Part R3
Added Parameter Total= to Implementation SI Res
Added Parameter Total= to Implementation SIM RESISTOR
Added Parameter Total= to Part R4
Added Parameter Total= to Implementation SI Res
Added Parameter Total= to Implementation SIM RESISTOR
Added Parameter Total= to Part R5
Added Parameter Total= to Implementation SI Res
Added Parameter Total= to Implementation SIM RESISTOR
Added Parameter Total= to Part R6
Added Parameter Total= to Implementation SI Res
Added Parameter Total= to Implementation SIM RESISTOR
Added Parameter Total= to Part R7
Added Parameter Total= to Implementation SI Res
Added Parameter Total= to Implementation SIM RESISTOR
Added Parameter Total= to Part R8
Added Parameter Total= to Implementation SI Res
Added Parameter Total= to Implementation SIM RESISTOR
Added Parameter Total= to Part R9
Added Parameter Total= to Implementation SI Res
Added Parameter Total= to Implementation SIM RESISTOR
Added Parameter Total= to Part R10
Added Parameter Total= to Implementation SI Res
Added Parameter Total= to Implementation SIM RESISTOR
Added Parameter Total= to Implementation PCBLIB 6-0805_M
Added Parameter Total= to Implementation PCBLIB 6-0805_M
Added Parameter Total= to Implementation PCBLIB 6-0805_M
Added Parameter Total= to Implementation PCBLIB 6-0805_M
Added Parameter Total= to Implementation PCBLIB 6-0805_M
Added Parameter Total= to Implementation PCBLIB 6-0805_M
Added Parameter Total= to Implementation PCBLIB 6-0805_M
Added Parameter Total= to Implementation PCBLIB 6-0805_M
Added Parameter Total= to Implementation PCBLIB 6-0805_M
Added Parameter Total= to Implementation PCBLIB 6-0805_M
Added Parameter Total= to Part U1
Added Parameter Total= to Implementation PCBLIB TI-PW16_L
Added Parameter Total= to Implementation PCBLIB TI-PW16_M
Added Parameter Total= to Implementation PCBLIB TI-PW16_N
Added Parameter Total= to Part U2
Added Parameter Total= to Implementation PCBLIB SO8_L
Added Parameter Total= to Implementation PCBLIB SO8_M
Added Parameter Total= to Implementation PCBLIB SO8_N
