Added Parameter Supplier 1= to Implementation SI Cap
Added Parameter Supplier 1= to Implementation SIM CAP
Added Parameter Supplier 1= to Implementation SI Cap
Added Parameter Supplier 1= to Implementation SIM CAP
Added Parameter Supplier 1= to Implementation SIM CAP
Added Parameter Supplier 1= to Implementation PCBLIB capacitor_3d
Added Parameter Supplier 1= to Implementation SI Cap Pol
Added Parameter Supplier 1= to Implementation SI Cap
Added Parameter Supplier 1= to Implementation SIM CAP
Added Parameter Supplier 1= to Implementation SIM CAP
Added Parameter Supplier 1= to Implementation PCBLIB capacitor_tantalum
Added Parameter Supplier 1= to Implementation SI Cap Pol
Added Parameter Supplier 1= to Implementation PCBLIB 6-0805_M
Added Parameter Supplier 1= to Implementation PCBLIB 6-0805_M
Added Parameter Supplier 1= to Implementation PCBLIB 6-0805_M
Added Parameter Supplier 1= to Implementation SI Connector
Added Parameter Supplier 1= to Implementation PCBLIB HDR1X2
Added Parameter Supplier 1= to Implementation SI Connector
Added Parameter Supplier 1= to Implementation PCBLIB HDR1X2
Added Parameter Supplier 1= to Implementation SI Connector
Added Parameter Supplier 1= to Implementation PCBLIB HDR1X2
Added Parameter Supplier 1= to Implementation SI Connector
Added Parameter Supplier 1= to Implementation PCBLIB HDR1X2
Added Parameter Supplier 1= to Implementation SI Connector
Added Parameter Supplier 1= to Implementation PCBLIB HDR1X2
Added Parameter Supplier 1= to Implementation SI Connector
Added Parameter Supplier 1= to Implementation PCBLIB HDR1X2
Added Parameter Supplier 1= to Implementation SI Connector
Added Parameter Supplier 1= to Implementation PCBLIB HDR1X2
Added Parameter Supplier 1= to Implementation SI Connector
Added Parameter Supplier 1= to Implementation PCBLIB HDR1X2
Added Parameter Supplier 1= to Sheet 
Added Parameter Supplier 1= to Implementation SI Res
Added Parameter Supplier 1= to Implementation SIM RESISTOR
Added Parameter Supplier 1= to Implementation SI Res
Added Parameter Supplier 1= to Implementation SIM RESISTOR
Added Parameter Supplier 1= to Implementation SI Res
Added Parameter Supplier 1= to Implementation SIM RESISTOR
Added Parameter Supplier 1= to Implementation SI Res
Added Parameter Supplier 1= to Implementation SIM RESISTOR
Added Parameter Supplier 1= to Implementation SI Res
Added Parameter Supplier 1= to Implementation SIM RESISTOR
Added Parameter Supplier 1= to Implementation SI Res
Added Parameter Supplier 1= to Implementation SIM RESISTOR
Added Parameter Supplier 1= to Implementation SI Res
Added Parameter Supplier 1= to Implementation SIM RESISTOR
Added Parameter Supplier 1= to Implementation SI Res
Added Parameter Supplier 1= to Implementation SIM RESISTOR
Added Parameter Supplier 1= to Implementation SI Res
Added Parameter Supplier 1= to Implementation SIM RESISTOR
Added Parameter Supplier 1= to Implementation SI Res
Added Parameter Supplier 1= to Implementation SIM RESISTOR
Added Parameter Supplier 1= to Implementation PCBLIB 6-0805_M
Added Parameter Supplier 1= to Implementation PCBLIB 6-0805_M
Added Parameter Supplier 1= to Implementation PCBLIB 6-0805_M
Added Parameter Supplier 1= to Implementation PCBLIB 6-0805_M
Added Parameter Supplier 1= to Implementation PCBLIB 6-0805_M
Added Parameter Supplier 1= to Implementation PCBLIB 6-0805_M
Added Parameter Supplier 1= to Implementation PCBLIB 6-0805_M
Added Parameter Supplier 1= to Implementation PCBLIB 6-0805_M
Added Parameter Supplier 1= to Implementation PCBLIB 6-0805_M
Added Parameter Supplier 1= to Implementation PCBLIB 6-0805_M
Added Parameter Supplier 1= to Implementation PCBLIB TI-PW16_L
Added Parameter Supplier 1= to Implementation PCBLIB TI-PW16_M
Added Parameter Supplier 1= to Implementation PCBLIB TI-PW16_N
Added Parameter Supplier 1= to Implementation PCBLIB SO8_L
Added Parameter Supplier 1= to Implementation PCBLIB SO8_M
Added Parameter Supplier 1= to Implementation PCBLIB SO8_N
